<?xml version="1.0" encoding="UTF-8"?>
<testsuite xmlns:xsi="http://www.w3.org/2001/XMLSchema-instance" xsi:schemaLocation="https://maven.apache.org/surefire/maven-surefire-plugin/xsd/surefire-test-report.xsd" name="com.scg.domain.TimeCardTest" time="0.012" tests="9" errors="0" skipped="0" failures="0">
  <properties>
[...]
</properties>
  <testcase name="testTimeCard" classname="com.scg.domain.TimeCardTest" time="0"/>
  <testcase name="testGetWeekStartingDay" classname="com.scg.domain.TimeCardTest" time="0"/>
  <testcase name="testAddConsultantTime" classname="com.scg.domain.TimeCardTest" time="0"/>
  <testcase name="testGetTotalNonBillableHours" classname="com.scg.domain.TimeCardTest" time="0"/>
  <testcase name="testGetTotalBillableHours" classname="com.scg.domain.TimeCardTest" time="0"/>
  <testcase name="testGetTotalHours" classname="com.scg.domain.TimeCardTest" time="0.005"/>
  <testcase name="testGetConsultant" classname="com.scg.domain.TimeCardTest" time="0"/>
  <testcase name="testGetBillableHoursForClient" classname="com.scg.domain.TimeCardTest" time="0"/>
  <testcase name="testGetConsultingHours" classname="com.scg.domain.TimeCardTest" time="0"/>
</testsuite>